<?xml version="1.0" encoding="UTF-8"?>
<!-- Generated by org.testng.reporters.JUnitReportReporter -->
<testsuite hostname="E4ML14557" name="com.snb.automation.testcases.CSRLandingPageTestCases" tests="1" failures="0" timestamp="17 Oct 2016 22:01:26 GMT" time="19.995" errors="0">
  <testcase name="CSRverifyLoginandLogOut" time="19.995" classname="com.snb.automation.testcases.CSRLandingPageTestCases"/>
</testsuite> <!-- com.snb.automation.testcases.CSRLandingPageTestCases -->
