<?xml version="1.0" encoding="UTF-8"?>
<!-- Generated by org.testng.reporters.JUnitReportReporter -->
<testsuite hostname="E4ML14557" name="com.snb.automation.testcases.OAPLandingPageTestCase" tests="1" failures="0" timestamp="17 Oct 2016 19:39:26 GMT" time="13.276" errors="0">
  <testcase name="OAPverifyLoginandLogOut" time="13.276" classname="com.snb.automation.testcases.OAPLandingPageTestCase"/>
</testsuite> <!-- com.snb.automation.testcases.OAPLandingPageTestCase -->
