<?xml version="1.0" encoding="UTF-8"?>
<!-- Generated by org.testng.reporters.JUnitReportReporter -->
<testsuite hostname="E4ML14557" name="com.snb.OAP.automation.testcases.OAPLogin" tests="1" failures="0" timestamp="18 Oct 2016 18:05:45 GMT" time="20.094" errors="0">
  <testcase name="OAPverifyLoginandLogOut" time="20.094" classname="com.snb.OAP.automation.testcases.OAPLogin"/>
</testsuite> <!-- com.snb.OAP.automation.testcases.OAPLogin -->
