<?xml version="1.0" encoding="UTF-8"?>
<!-- Generated by org.testng.reporters.JUnitReportReporter -->
<testsuite hostname="E4ML14557" name="com.snb.automation.testcases.EmulationTestCase" tests="1" failures="0" timestamp="18 Oct 2016 19:15:27 GMT" time="10.911" errors="0">
  <testcase name="CSREmulation" time="10.911" classname="com.snb.automation.testcases.EmulationTestCase"/>
</testsuite> <!-- com.snb.automation.testcases.EmulationTestCase -->
