<?xml version="1.0" encoding="UTF-8"?>
<!-- Generated by org.testng.reporters.JUnitReportReporter -->
<testsuite hostname="E4ML14557" name="com.snb.CSR.automation.testcases.SNBUSA370CSRUserLogout" tests="1" failures="0" timestamp="18 Oct 2016 15:40:46 GMT" time="20.220" errors="0">
  <testcase name="verifyCSRLogOut" time="20.220" classname="com.snb.CSR.automation.testcases.SNBUSA370CSRUserLogout"/>
</testsuite> <!-- com.snb.CSR.automation.testcases.SNBUSA370CSRUserLogout -->
