<?xml version="1.0" encoding="UTF-8"?>
<!-- Generated by org.testng.reporters.JUnitReportReporter -->
<testsuite hostname="E4ML14557" name="com.snb.automation.testcases.Dropdown" tests="1" failures="0" timestamp="17 Oct 2016 00:05:02 GMT" time="0.224" errors="0">
  <testcase name="drop" time="0.224" classname="com.snb.automation.testcases.Dropdown"/>
</testsuite> <!-- com.snb.automation.testcases.Dropdown -->
