<?xml version="1.0" encoding="UTF-8"?>
<!-- Generated by org.testng.reporters.JUnitReportReporter -->
<testsuite hostname="E4ML14557" name="com.snb.CSR.automation.testcases.CSRLogin" tests="1" failures="0" timestamp="18 Oct 2016 15:10:05 GMT" time="43.065" errors="0">
  <testcase name="CSRverifyLogin" time="43.065" classname="com.snb.CSR.automation.testcases.CSRLogin"/>
</testsuite> <!-- com.snb.CSR.automation.testcases.CSRLogin -->
